Performing C++ SOURCE FILE Test CMAKE_HAVE_LIBC_PTHREAD failed with the following output:
Change Dir: /home/kirilchik/TechProg/Task4/GIT/TPhomeworks/task4/cmake-build-debug/CMakeFiles/CMakeTmp

Run Build Command(s):/usr/bin/make cmTC_1c220/fast && /usr/bin/make  -f CMakeFiles/cmTC_1c220.dir/build.make CMakeFiles/cmTC_1c220.dir/build
make[1]: вход в каталог «/home/kirilchik/TechProg/Task4/GIT/TPhomeworks/task4/cmake-build-debug/CMakeFiles/CMakeTmp»
Building CXX object CMakeFiles/cmTC_1c220.dir/src.cxx.o
/usr/bin/c++ -DCMAKE_HAVE_LIBC_PTHREAD  -fPIE -o CMakeFiles/cmTC_1c220.dir/src.cxx.o -c /home/kirilchik/TechProg/Task4/GIT/TPhomeworks/task4/cmake-build-debug/CMakeFiles/CMakeTmp/src.cxx
Linking CXX executable cmTC_1c220
/snap/clion/149/bin/cmake/linux/bin/cmake -E cmake_link_script CMakeFiles/cmTC_1c220.dir/link.txt --verbose=1
/usr/bin/c++ CMakeFiles/cmTC_1c220.dir/src.cxx.o -o cmTC_1c220 
/usr/bin/ld: CMakeFiles/cmTC_1c220.dir/src.cxx.o: в функции «main»:
src.cxx:(.text+0x46): неопределённая ссылка на «pthread_create»
/usr/bin/ld: src.cxx:(.text+0x52): неопределённая ссылка на «pthread_detach»
/usr/bin/ld: src.cxx:(.text+0x5e): неопределённая ссылка на «pthread_cancel»
/usr/bin/ld: src.cxx:(.text+0x6f): неопределённая ссылка на «pthread_join»
collect2: error: ld returned 1 exit status
make[1]: *** [CMakeFiles/cmTC_1c220.dir/build.make:106: cmTC_1c220] Ошибка 1
make[1]: выход из каталога «/home/kirilchik/TechProg/Task4/GIT/TPhomeworks/task4/cmake-build-debug/CMakeFiles/CMakeTmp»
make: *** [Makefile:140: cmTC_1c220/fast] Ошибка 2


Source file was:
#include <pthread.h>

static void* test_func(void* data)
{
  return data;
}

int main(void)
{
  pthread_t thread;
  pthread_create(&thread, NULL, test_func, NULL);
  pthread_detach(thread);
  pthread_cancel(thread);
  pthread_join(thread, NULL);
  pthread_atfork(NULL, NULL, NULL);
  pthread_exit(NULL);

  return 0;
}

Determining if the function pthread_create exists in the pthreads failed with the following output:
Change Dir: /home/kirilchik/TechProg/Task4/GIT/TPhomeworks/task4/cmake-build-debug/CMakeFiles/CMakeTmp

Run Build Command(s):/usr/bin/make cmTC_56edd/fast && /usr/bin/make  -f CMakeFiles/cmTC_56edd.dir/build.make CMakeFiles/cmTC_56edd.dir/build
make[1]: вход в каталог «/home/kirilchik/TechProg/Task4/GIT/TPhomeworks/task4/cmake-build-debug/CMakeFiles/CMakeTmp»
Building CXX object CMakeFiles/cmTC_56edd.dir/CheckFunctionExists.cxx.o
/usr/bin/c++   -DCHECK_FUNCTION_EXISTS=pthread_create -fPIE -o CMakeFiles/cmTC_56edd.dir/CheckFunctionExists.cxx.o -c /home/kirilchik/TechProg/Task4/GIT/TPhomeworks/task4/cmake-build-debug/CMakeFiles/CheckLibraryExists/CheckFunctionExists.cxx
Linking CXX executable cmTC_56edd
/snap/clion/149/bin/cmake/linux/bin/cmake -E cmake_link_script CMakeFiles/cmTC_56edd.dir/link.txt --verbose=1
/usr/bin/c++  -DCHECK_FUNCTION_EXISTS=pthread_create CMakeFiles/cmTC_56edd.dir/CheckFunctionExists.cxx.o -o cmTC_56edd  -lpthreads 
/usr/bin/ld: невозможно найти -lpthreads
collect2: error: ld returned 1 exit status
make[1]: *** [CMakeFiles/cmTC_56edd.dir/build.make:106: cmTC_56edd] Ошибка 1
make[1]: выход из каталога «/home/kirilchik/TechProg/Task4/GIT/TPhomeworks/task4/cmake-build-debug/CMakeFiles/CMakeTmp»
make: *** [Makefile:140: cmTC_56edd/fast] Ошибка 2



The C compiler identification could not be found in "/home/kirilchik/TechProg/Task4/GIT/TPhomeworks/task4/cmake-build-debug/CMakeFiles/3.19.2/CompilerIdC/CMakeCCompilerId.gcno"

